[I 2026-02-28 21:52:35,787] Trial 18 finished with value: 0.19576069422627745 and parameters: {'learning_rate': 1.8015596595059304e-05, 'weight_decay': 1.2753314497190727e-05, 'coeff_dropout': 0.49280021911149663, 'classifier_dropout': 0.26742594791677693, 'class_weight_benign': 3.682180570419546, 'entropy_coeff': 0.488633232797539}. Best is trial 12 with value: 0.12820468937827492.
Using GPU: NVIDIA A100-PCIE-40GB
[I 2026-02-28 22:27:48,013] Trial 19 finished with value: 0.3392295514521025 and parameters: {'learning_rate': 0.0002589960189233907, 'weight_decay': 0.00015020028777645522, 'coeff_dropout': 0.44076364763662895, 'classifier_dropout': 0.19754756737600432, 'class_weight_benign': 3.0481164151849183, 'entropy_coeff': 0.41894888901127714}. Best is trial 12 with value: 0.12820468937827492.

Best hyperparameters saved to: /gpfs/projects/e32998/STAT390_Winter2026/Team5/Code/Code7_OptunaChanges_27Feb_Paris/optuna_20260228_015544/best_hyperparameters.json
All trials saved to: /gpfs/projects/e32998/STAT390_Winter2026/Team5/Code/Code7_OptunaChanges_27Feb_Paris/optuna_20260228_015544/all_trials.csv

============================================================
OPTUNA STUDY COMPLETED
============================================================
Best trial: 12
Best validation loss: 0.1282

Best hyperparameters:
  learning_rate: 2.7528862695812924e-05
  weight_decay: 4.044574059404959e-05
  coeff_dropout: 0.493388667319079
  classifier_dropout: 0.3930373854314628
  class_weight_benign: 4.160322358622171
  entropy_coeff: 0.4990497566649651

Completed trials: 18
Pruned trials: 2

Config template saved to: /gpfs/projects/e32998/STAT390_Winter2026/Team5/Code/Code7_OptunaChanges_27Feb_Paris/optuna_20260228_015544/best_config.py

You can now use these hyperparameters in your main training!
