Job ID: 110976
Start time: Fri Feb 27 16:29:04 CST 2026
Requirement already satisfied: torch>=1.9.0 in /projects/e32998/env/lib/python3.12/site-packages (from -r /gpfs/projects/e32998/STAT390_Winter2026/Team5/Code/Code7_OptunaChanges_27Feb_Paris/requirements.txt (line 2)) (2.9.0)
Requirement already satisfied: torchvision>=0.10.0 in /projects/e32998/env/lib/python3.12/site-packages (from -r /gpfs/projects/e32998/STAT390_Winter2026/Team5/Code/Code7_OptunaChanges_27Feb_Paris/requirements.txt (line 3)) (0.24.0)
Requirement already satisfied: numpy>=1.21.0 in /projects/e32998/env/lib/python3.12/site-packages (from -r /gpfs/projects/e32998/STAT390_Winter2026/Team5/Code/Code7_OptunaChanges_27Feb_Paris/requirements.txt (line 4)) (2.3.4)
Requirement already satisfied: pandas>=1.3.0 in /projects/e32998/env/lib/python3.12/site-packages (from -r /gpfs/projects/e32998/STAT390_Winter2026/Team5/Code/Code7_OptunaChanges_27Feb_Paris/requirements.txt (line 5)) (2.3.3)
Requirement already satisfied: scikit-learn>=1.0.0 in /projects/e32998/env/lib/python3.12/site-packages (from -r /gpfs/projects/e32998/STAT390_Winter2026/Team5/Code/Code7_OptunaChanges_27Feb_Paris/requirements.txt (line 6)) (1.7.2)
Requirement already satisfied: Pillow>=8.3.0 in /projects/e32998/env/lib/python3.12/site-packages (from -r /gpfs/projects/e32998/STAT390_Winter2026/Team5/Code/Code7_OptunaChanges_27Feb_Paris/requirements.txt (line 7)) (12.0.0)
Requirement already satisfied: tqdm>=4.62.0 in /projects/e32998/env/lib/python3.12/site-packages (from -r /gpfs/projects/e32998/STAT390_Winter2026/Team5/Code/Code7_OptunaChanges_27Feb_Paris/requirements.txt (line 8)) (4.67.1)
Requirement already satisfied: matplotlib>=3.5.0 in /projects/e32998/env/lib/python3.12/site-packages (from -r /gpfs/projects/e32998/STAT390_Winter2026/Team5/Code/Code7_OptunaChanges_27Feb_Paris/requirements.txt (line 11)) (3.10.7)
Requirement already satisfied: seaborn>=0.11.0 in /projects/e32998/env/lib/python3.12/site-packages (from -r /gpfs/projects/e32998/STAT390_Winter2026/Team5/Code/Code7_OptunaChanges_27Feb_Paris/requirements.txt (line 12)) (0.13.2)
Requirement already satisfied: optuna>=3.0.0 in /projects/e32998/env/lib/python3.12/site-packages (from -r /gpfs/projects/e32998/STAT390_Winter2026/Team5/Code/Code7_OptunaChanges_27Feb_Paris/requirements.txt (line 15)) (4.7.0)
Requirement already satisfied: psutil>=5.8.0 in /projects/e32998/env/lib/python3.12/site-packages (from -r /gpfs/projects/e32998/STAT390_Winter2026/Team5/Code/Code7_OptunaChanges_27Feb_Paris/requirements.txt (line 18)) (7.1.2)
Requirement already satisfied: imbalanced-learn>=0.8.0 in /projects/e32998/env/lib/python3.12/site-packages (from -r /gpfs/projects/e32998/STAT390_Winter2026/Team5/Code/Code7_OptunaChanges_27Feb_Paris/requirements.txt (line 21)) (0.14.0)
Requirement already satisfied: filelock in /projects/e32998/env/lib/python3.12/site-packages (from torch>=1.9.0->-r /gpfs/projects/e32998/STAT390_Winter2026/Team5/Code/Code7_OptunaChanges_27Feb_Paris/requirements.txt (line 2)) (3.20.0)
Requirement already satisfied: typing-extensions>=4.10.0 in /projects/e32998/env/lib/python3.12/site-packages (from torch>=1.9.0->-r /gpfs/projects/e32998/STAT390_Winter2026/Team5/Code/Code7_OptunaChanges_27Feb_Paris/requirements.txt (line 2)) (4.15.0)
Requirement already satisfied: setuptools in /projects/e32998/env/lib/python3.12/site-packages (from torch>=1.9.0->-r /gpfs/projects/e32998/STAT390_Winter2026/Team5/Code/Code7_OptunaChanges_27Feb_Paris/requirements.txt (line 2)) (80.9.0)
Requirement already satisfied: sympy>=1.13.3 in /projects/e32998/env/lib/python3.12/site-packages (from torch>=1.9.0->-r /gpfs/projects/e32998/STAT390_Winter2026/Team5/Code/Code7_OptunaChanges_27Feb_Paris/requirements.txt (line 2)) (1.14.0)
Requirement already satisfied: networkx>=2.5.1 in /projects/e32998/env/lib/python3.12/site-packages (from torch>=1.9.0->-r /gpfs/projects/e32998/STAT390_Winter2026/Team5/Code/Code7_OptunaChanges_27Feb_Paris/requirements.txt (line 2)) (3.5)
Requirement already satisfied: jinja2 in /projects/e32998/env/lib/python3.12/site-packages (from torch>=1.9.0->-r /gpfs/projects/e32998/STAT390_Winter2026/Team5/Code/Code7_OptunaChanges_27Feb_Paris/requirements.txt (line 2)) (3.1.6)
Requirement already satisfied: fsspec>=0.8.5 in /projects/e32998/env/lib/python3.12/site-packages (from torch>=1.9.0->-r /gpfs/projects/e32998/STAT390_Winter2026/Team5/Code/Code7_OptunaChanges_27Feb_Paris/requirements.txt (line 2)) (2025.9.0)
Requirement already satisfied: nvidia-cuda-nvrtc-cu12==12.8.93 in /projects/e32998/env/lib/python3.12/site-packages (from torch>=1.9.0->-r /gpfs/projects/e32998/STAT390_Winter2026/Team5/Code/Code7_OptunaChanges_27Feb_Paris/requirements.txt (line 2)) (12.8.93)
Requirement already satisfied: nvidia-cuda-runtime-cu12==12.8.90 in /projects/e32998/env/lib/python3.12/site-packages (from torch>=1.9.0->-r /gpfs/projects/e32998/STAT390_Winter2026/Team5/Code/Code7_OptunaChanges_27Feb_Paris/requirements.txt (line 2)) (12.8.90)
Requirement already satisfied: nvidia-cuda-cupti-cu12==12.8.90 in /projects/e32998/env/lib/python3.12/site-packages (from torch>=1.9.0->-r /gpfs/projects/e32998/STAT390_Winter2026/Team5/Code/Code7_OptunaChanges_27Feb_Paris/requirements.txt (line 2)) (12.8.90)
Requirement already satisfied: nvidia-cudnn-cu12==9.10.2.21 in /projects/e32998/env/lib/python3.12/site-packages (from torch>=1.9.0->-r /gpfs/projects/e32998/STAT390_Winter2026/Team5/Code/Code7_OptunaChanges_27Feb_Paris/requirements.txt (line 2)) (9.10.2.21)
Requirement already satisfied: nvidia-cublas-cu12==12.8.4.1 in /projects/e32998/env/lib/python3.12/site-packages (from torch>=1.9.0->-r /gpfs/projects/e32998/STAT390_Winter2026/Team5/Code/Code7_OptunaChanges_27Feb_Paris/requirements.txt (line 2)) (12.8.4.1)
Requirement already satisfied: nvidia-cufft-cu12==11.3.3.83 in /projects/e32998/env/lib/python3.12/site-packages (from torch>=1.9.0->-r /gpfs/projects/e32998/STAT390_Winter2026/Team5/Code/Code7_OptunaChanges_27Feb_Paris/requirements.txt (line 2)) (11.3.3.83)
Requirement already satisfied: nvidia-curand-cu12==10.3.9.90 in /projects/e32998/env/lib/python3.12/site-packages (from torch>=1.9.0->-r /gpfs/projects/e32998/STAT390_Winter2026/Team5/Code/Code7_OptunaChanges_27Feb_Paris/requirements.txt (line 2)) (10.3.9.90)
Requirement already satisfied: nvidia-cusolver-cu12==11.7.3.90 in /projects/e32998/env/lib/python3.12/site-packages (from torch>=1.9.0->-r /gpfs/projects/e32998/STAT390_Winter2026/Team5/Code/Code7_OptunaChanges_27Feb_Paris/requirements.txt (line 2)) (11.7.3.90)
Requirement already satisfied: nvidia-cusparse-cu12==12.5.8.93 in /projects/e32998/env/lib/python3.12/site-packages (from torch>=1.9.0->-r /gpfs/projects/e32998/STAT390_Winter2026/Team5/Code/Code7_OptunaChanges_27Feb_Paris/requirements.txt (line 2)) (12.5.8.93)
Requirement already satisfied: nvidia-cusparselt-cu12==0.7.1 in /projects/e32998/env/lib/python3.12/site-packages (from torch>=1.9.0->-r /gpfs/projects/e32998/STAT390_Winter2026/Team5/Code/Code7_OptunaChanges_27Feb_Paris/requirements.txt (line 2)) (0.7.1)
Requirement already satisfied: nvidia-nccl-cu12==2.27.5 in /projects/e32998/env/lib/python3.12/site-packages (from torch>=1.9.0->-r /gpfs/projects/e32998/STAT390_Winter2026/Team5/Code/Code7_OptunaChanges_27Feb_Paris/requirements.txt (line 2)) (2.27.5)
Requirement already satisfied: nvidia-nvshmem-cu12==3.3.20 in /projects/e32998/env/lib/python3.12/site-packages (from torch>=1.9.0->-r /gpfs/projects/e32998/STAT390_Winter2026/Team5/Code/Code7_OptunaChanges_27Feb_Paris/requirements.txt (line 2)) (3.3.20)
Requirement already satisfied: nvidia-nvtx-cu12==12.8.90 in /projects/e32998/env/lib/python3.12/site-packages (from torch>=1.9.0->-r /gpfs/projects/e32998/STAT390_Winter2026/Team5/Code/Code7_OptunaChanges_27Feb_Paris/requirements.txt (line 2)) (12.8.90)
Requirement already satisfied: nvidia-nvjitlink-cu12==12.8.93 in /projects/e32998/env/lib/python3.12/site-packages (from torch>=1.9.0->-r /gpfs/projects/e32998/STAT390_Winter2026/Team5/Code/Code7_OptunaChanges_27Feb_Paris/requirements.txt (line 2)) (12.8.93)
Requirement already satisfied: nvidia-cufile-cu12==1.13.1.3 in /projects/e32998/env/lib/python3.12/site-packages (from torch>=1.9.0->-r /gpfs/projects/e32998/STAT390_Winter2026/Team5/Code/Code7_OptunaChanges_27Feb_Paris/requirements.txt (line 2)) (1.13.1.3)
Requirement already satisfied: triton==3.5.0 in /projects/e32998/env/lib/python3.12/site-packages (from torch>=1.9.0->-r /gpfs/projects/e32998/STAT390_Winter2026/Team5/Code/Code7_OptunaChanges_27Feb_Paris/requirements.txt (line 2)) (3.5.0)
Requirement already satisfied: python-dateutil>=2.8.2 in /projects/e32998/env/lib/python3.12/site-packages (from pandas>=1.3.0->-r /gpfs/projects/e32998/STAT390_Winter2026/Team5/Code/Code7_OptunaChanges_27Feb_Paris/requirements.txt (line 5)) (2.9.0.post0)
Requirement already satisfied: pytz>=2020.1 in /projects/e32998/env/lib/python3.12/site-packages (from pandas>=1.3.0->-r /gpfs/projects/e32998/STAT390_Winter2026/Team5/Code/Code7_OptunaChanges_27Feb_Paris/requirements.txt (line 5)) (2025.2)
Requirement already satisfied: tzdata>=2022.7 in /projects/e32998/env/lib/python3.12/site-packages (from pandas>=1.3.0->-r /gpfs/projects/e32998/STAT390_Winter2026/Team5/Code/Code7_OptunaChanges_27Feb_Paris/requirements.txt (line 5)) (2025.2)
Requirement already satisfied: scipy>=1.8.0 in /projects/e32998/env/lib/python3.12/site-packages (from scikit-learn>=1.0.0->-r /gpfs/projects/e32998/STAT390_Winter2026/Team5/Code/Code7_OptunaChanges_27Feb_Paris/requirements.txt (line 6)) (1.16.3)
Requirement already satisfied: joblib>=1.2.0 in /projects/e32998/env/lib/python3.12/site-packages (from scikit-learn>=1.0.0->-r /gpfs/projects/e32998/STAT390_Winter2026/Team5/Code/Code7_OptunaChanges_27Feb_Paris/requirements.txt (line 6)) (1.5.2)
Requirement already satisfied: threadpoolctl>=3.1.0 in /projects/e32998/env/lib/python3.12/site-packages (from scikit-learn>=1.0.0->-r /gpfs/projects/e32998/STAT390_Winter2026/Team5/Code/Code7_OptunaChanges_27Feb_Paris/requirements.txt (line 6)) (3.6.0)
Requirement already satisfied: contourpy>=1.0.1 in /projects/e32998/env/lib/python3.12/site-packages (from matplotlib>=3.5.0->-r /gpfs/projects/e32998/STAT390_Winter2026/Team5/Code/Code7_OptunaChanges_27Feb_Paris/requirements.txt (line 11)) (1.3.3)
Requirement already satisfied: cycler>=0.10 in /projects/e32998/env/lib/python3.12/site-packages (from matplotlib>=3.5.0->-r /gpfs/projects/e32998/STAT390_Winter2026/Team5/Code/Code7_OptunaChanges_27Feb_Paris/requirements.txt (line 11)) (0.12.1)
Requirement already satisfied: fonttools>=4.22.0 in /projects/e32998/env/lib/python3.12/site-packages (from matplotlib>=3.5.0->-r /gpfs/projects/e32998/STAT390_Winter2026/Team5/Code/Code7_OptunaChanges_27Feb_Paris/requirements.txt (line 11)) (4.60.1)
Requirement already satisfied: kiwisolver>=1.3.1 in /projects/e32998/env/lib/python3.12/site-packages (from matplotlib>=3.5.0->-r /gpfs/projects/e32998/STAT390_Winter2026/Team5/Code/Code7_OptunaChanges_27Feb_Paris/requirements.txt (line 11)) (1.4.9)
Requirement already satisfied: packaging>=20.0 in /projects/e32998/env/lib/python3.12/site-packages (from matplotlib>=3.5.0->-r /gpfs/projects/e32998/STAT390_Winter2026/Team5/Code/Code7_OptunaChanges_27Feb_Paris/requirements.txt (line 11)) (25.0)
Requirement already satisfied: pyparsing>=3 in /projects/e32998/env/lib/python3.12/site-packages (from matplotlib>=3.5.0->-r /gpfs/projects/e32998/STAT390_Winter2026/Team5/Code/Code7_OptunaChanges_27Feb_Paris/requirements.txt (line 11)) (3.2.5)
Requirement already satisfied: alembic>=1.5.0 in /projects/e32998/env/lib/python3.12/site-packages (from optuna>=3.0.0->-r /gpfs/projects/e32998/STAT390_Winter2026/Team5/Code/Code7_OptunaChanges_27Feb_Paris/requirements.txt (line 15)) (1.18.3)
Requirement already satisfied: colorlog in /projects/e32998/env/lib/python3.12/site-packages (from optuna>=3.0.0->-r /gpfs/projects/e32998/STAT390_Winter2026/Team5/Code/Code7_OptunaChanges_27Feb_Paris/requirements.txt (line 15)) (6.10.1)
Requirement already satisfied: sqlalchemy>=1.4.2 in /projects/e32998/env/lib/python3.12/site-packages (from optuna>=3.0.0->-r /gpfs/projects/e32998/STAT390_Winter2026/Team5/Code/Code7_OptunaChanges_27Feb_Paris/requirements.txt (line 15)) (2.0.46)
Requirement already satisfied: PyYAML in /projects/e32998/env/lib/python3.12/site-packages (from optuna>=3.0.0->-r /gpfs/projects/e32998/STAT390_Winter2026/Team5/Code/Code7_OptunaChanges_27Feb_Paris/requirements.txt (line 15)) (6.0.3)
Requirement already satisfied: Mako in /projects/e32998/env/lib/python3.12/site-packages (from alembic>=1.5.0->optuna>=3.0.0->-r /gpfs/projects/e32998/STAT390_Winter2026/Team5/Code/Code7_OptunaChanges_27Feb_Paris/requirements.txt (line 15)) (1.3.10)
Requirement already satisfied: six>=1.5 in /projects/e32998/env/lib/python3.12/site-packages (from python-dateutil>=2.8.2->pandas>=1.3.0->-r /gpfs/projects/e32998/STAT390_Winter2026/Team5/Code/Code7_OptunaChanges_27Feb_Paris/requirements.txt (line 5)) (1.17.0)
Requirement already satisfied: greenlet>=1 in /projects/e32998/env/lib/python3.12/site-packages (from sqlalchemy>=1.4.2->optuna>=3.0.0->-r /gpfs/projects/e32998/STAT390_Winter2026/Team5/Code/Code7_OptunaChanges_27Feb_Paris/requirements.txt (line 15)) (3.3.1)
Requirement already satisfied: mpmath<1.4,>=1.1.0 in /projects/e32998/env/lib/python3.12/site-packages (from sympy>=1.13.3->torch>=1.9.0->-r /gpfs/projects/e32998/STAT390_Winter2026/Team5/Code/Code7_OptunaChanges_27Feb_Paris/requirements.txt (line 2)) (1.3.0)
Requirement already satisfied: MarkupSafe>=2.0 in /projects/e32998/env/lib/python3.12/site-packages (from jinja2->torch>=1.9.0->-r /gpfs/projects/e32998/STAT390_Winter2026/Team5/Code/Code7_OptunaChanges_27Feb_Paris/requirements.txt (line 2)) (3.0.3)
Random seed set to 42
================================================================================
OPTUNA HYPERPARAMETER TUNING FOR HIERARCHICAL ATTENTION MIL
================================================================================
Study name: mil_study
Number of trials: 10
Epochs per trial: 30
============================================================
PREPARING DATA FOR OPTUNA TUNING
============================================================
Loaded 118 labels
Found 83630 patch files
All 3808 non-standard file names were handled.
Grouped into 383 slices
Mapped 371 slices to classes
Loading existing splits from: ./data_splits/data_splits_01.npz
Data splits loaded from: ./data_splits/data_splits_01.npz
Split sizes - Train: 207, Val: 60

Checking for data leakage...
Train cases: 50
Val cases: 17

Results will be saved to: /gpfs/projects/e32998/STAT390_Winter2026/Team5/Code/Code7_OptunaChanges_27Feb_Paris/optuna_20260227_162959

============================================================
STARTING HYPERPARAMETER OPTIMIZATION
============================================================
Using GPU: NVIDIA A100-PCIE-40GB
[I 2026-02-27 17:29:33,991] Trial 0 finished with value: 0.35982590470709563 and parameters: {'learning_rate': 5.6115164153345e-05, 'weight_decay': 0.0007114476009343421, 'coeff_dropout': 0.36599697090570255, 'classifier_dropout': 0.2993292420985183, 'class_weight_benign': 1.624074561769746, 'entropy_coeff': 0.07799726016810132}. Best is trial 0 with value: 0.35982590470709563.
Using GPU: NVIDIA A100-PCIE-40GB
[I 2026-02-27 18:09:58,497] Trial 1 finished with value: 0.18502662651264792 and parameters: {'learning_rate': 1.3066739238053272e-05, 'weight_decay': 0.0003967605077052988, 'coeff_dropout': 0.3005575058716044, 'classifier_dropout': 0.35403628889802274, 'class_weight_benign': 1.0823379771832098, 'entropy_coeff': 0.48495492608099716}. Best is trial 1 with value: 0.18502662651264792.
Using GPU: NVIDIA A100-PCIE-40GB
[I 2026-02-27 18:44:28,030] Trial 2 finished with value: 0.35737079277853756 and parameters: {'learning_rate': 0.000462258900102083, 'weight_decay': 4.335281794951567e-06, 'coeff_dropout': 0.09091248360355031, 'classifier_dropout': 0.09170225492671691, 'class_weight_benign': 2.216968971838151, 'entropy_coeff': 0.2623782158161189}. Best is trial 1 with value: 0.18502662651264792.
Using GPU: NVIDIA A100-PCIE-40GB
[I 2026-02-27 21:40:02,715] Trial 3 finished with value: 0.31699769105762243 and parameters: {'learning_rate': 7.309539835912905e-05, 'weight_decay': 7.4763120622522945e-06, 'coeff_dropout': 0.30592644736118974, 'classifier_dropout': 0.06974693032602092, 'class_weight_benign': 2.1685785941408726, 'entropy_coeff': 0.18318092164684585}. Best is trial 1 with value: 0.18502662651264792.
Using GPU: NVIDIA A100-PCIE-40GB
[I 2026-02-27 23:22:45,588] Trial 4 finished with value: 0.3523524897515445 and parameters: {'learning_rate': 8.168455894760161e-05, 'weight_decay': 0.0002267398652378039, 'coeff_dropout': 0.09983689107917987, 'classifier_dropout': 0.2571172192068058, 'class_weight_benign': 3.36965827544817, 'entropy_coeff': 0.023225206359998862}. Best is trial 1 with value: 0.18502662651264792.
Using GPU: NVIDIA A100-PCIE-40GB
[I 2026-02-27 23:55:38,593] Trial 5 finished with value: 0.38112598679521503 and parameters: {'learning_rate': 0.000164092867306479, 'weight_decay': 3.247673570627449e-06, 'coeff_dropout': 0.03252579649263976, 'classifier_dropout': 0.4744427686266666, 'class_weight_benign': 4.862528132298237, 'entropy_coeff': 0.40419867405823057}. Best is trial 1 with value: 0.18502662651264792.
Using GPU: NVIDIA A100-PCIE-40GB
[I 2026-02-28 00:27:59,288] Trial 6 finished with value: 0.3196647779139526 and parameters: {'learning_rate': 4.066563313514796e-05, 'weight_decay': 1.9634341572933354e-06, 'coeff_dropout': 0.34211651325607845, 'classifier_dropout': 0.22007624686980065, 'class_weight_benign': 1.4881529393791153, 'entropy_coeff': 0.2475884550556351}. Best is trial 1 with value: 0.18502662651264792.
Using GPU: NVIDIA A100-PCIE-40GB
[I 2026-02-28 00:38:24,985] Trial 7 pruned. 
Using GPU: NVIDIA A100-PCIE-40GB
[I 2026-02-28 01:11:09,980] Trial 8 finished with value: 0.23423526333371067 and parameters: {'learning_rate': 0.00012399967836846095, 'weight_decay': 3.5856126103453987e-06, 'coeff_dropout': 0.4847923138822793, 'classifier_dropout': 0.3875664116805573, 'class_weight_benign': 4.757995766256757, 'entropy_coeff': 0.4474136752138244}. Best is trial 1 with value: 0.18502662651264792.
Using GPU: NVIDIA A100-PCIE-40GB
[I 2026-02-28 01:46:04,325] Trial 9 finished with value: 0.36804167290136 and parameters: {'learning_rate': 0.0001569639638866114, 'weight_decay': 0.0005829384542994739, 'coeff_dropout': 0.04424625102595975, 'classifier_dropout': 0.0979914312095726, 'class_weight_benign': 1.1809091556421523, 'entropy_coeff': 0.16266516538163217}. Best is trial 1 with value: 0.18502662651264792.

Best hyperparameters saved to: /gpfs/projects/e32998/STAT390_Winter2026/Team5/Code/Code7_OptunaChanges_27Feb_Paris/optuna_20260227_162959/best_hyperparameters.json
All trials saved to: /gpfs/projects/e32998/STAT390_Winter2026/Team5/Code/Code7_OptunaChanges_27Feb_Paris/optuna_20260227_162959/all_trials.csv

============================================================
OPTUNA STUDY COMPLETED
============================================================
Best trial: 1
Best validation loss: 0.1850

Best hyperparameters:
  learning_rate: 1.3066739238053272e-05
  weight_decay: 0.0003967605077052988
  coeff_dropout: 0.3005575058716044
  classifier_dropout: 0.35403628889802274
  class_weight_benign: 1.0823379771832098
  entropy_coeff: 0.48495492608099716

Completed trials: 9
Pruned trials: 1

Config template saved to: /gpfs/projects/e32998/STAT390_Winter2026/Team5/Code/Code7_OptunaChanges_27Feb_Paris/optuna_20260227_162959/best_config.py

You can now use these hyperparameters in your main training!
