Job ID: 9769336
Start time: Wed Feb 25 19:46:38 CST 2026
Requirement already satisfied: torch>=1.9.0 in /home/zel9906/env/lib/python3.12/site-packages (from -r /home/zel9906/Code4_reduce_runtime_ER/requirements.txt (line 2)) (2.9.0)
Requirement already satisfied: torchvision>=0.10.0 in /home/zel9906/env/lib/python3.12/site-packages (from -r /home/zel9906/Code4_reduce_runtime_ER/requirements.txt (line 3)) (0.24.0)
Requirement already satisfied: numpy>=1.21.0 in /home/zel9906/env/lib/python3.12/site-packages (from -r /home/zel9906/Code4_reduce_runtime_ER/requirements.txt (line 4)) (2.3.4)
Requirement already satisfied: pandas>=1.3.0 in /home/zel9906/env/lib/python3.12/site-packages (from -r /home/zel9906/Code4_reduce_runtime_ER/requirements.txt (line 5)) (2.3.3)
Requirement already satisfied: scikit-learn>=1.0.0 in /home/zel9906/env/lib/python3.12/site-packages (from -r /home/zel9906/Code4_reduce_runtime_ER/requirements.txt (line 6)) (1.7.2)
Requirement already satisfied: Pillow>=8.3.0 in /home/zel9906/env/lib/python3.12/site-packages (from -r /home/zel9906/Code4_reduce_runtime_ER/requirements.txt (line 7)) (12.0.0)
Requirement already satisfied: tqdm>=4.62.0 in /home/zel9906/env/lib/python3.12/site-packages (from -r /home/zel9906/Code4_reduce_runtime_ER/requirements.txt (line 8)) (4.67.1)
Requirement already satisfied: matplotlib>=3.5.0 in /home/zel9906/env/lib/python3.12/site-packages (from -r /home/zel9906/Code4_reduce_runtime_ER/requirements.txt (line 11)) (3.10.7)
Requirement already satisfied: seaborn>=0.11.0 in /home/zel9906/env/lib/python3.12/site-packages (from -r /home/zel9906/Code4_reduce_runtime_ER/requirements.txt (line 12)) (0.13.2)
Requirement already satisfied: optuna>=3.0.0 in /home/zel9906/env/lib/python3.12/site-packages (from -r /home/zel9906/Code4_reduce_runtime_ER/requirements.txt (line 15)) (4.7.0)
Requirement already satisfied: psutil>=5.8.0 in /home/zel9906/env/lib/python3.12/site-packages (from -r /home/zel9906/Code4_reduce_runtime_ER/requirements.txt (line 18)) (7.1.2)
Requirement already satisfied: imbalanced-learn>=0.8.0 in /home/zel9906/env/lib/python3.12/site-packages (from -r /home/zel9906/Code4_reduce_runtime_ER/requirements.txt (line 21)) (0.14.0)
Requirement already satisfied: filelock in /home/zel9906/env/lib/python3.12/site-packages (from torch>=1.9.0->-r /home/zel9906/Code4_reduce_runtime_ER/requirements.txt (line 2)) (3.20.0)
Requirement already satisfied: typing-extensions>=4.10.0 in /home/zel9906/env/lib/python3.12/site-packages (from torch>=1.9.0->-r /home/zel9906/Code4_reduce_runtime_ER/requirements.txt (line 2)) (4.15.0)
Requirement already satisfied: setuptools in /home/zel9906/env/lib/python3.12/site-packages (from torch>=1.9.0->-r /home/zel9906/Code4_reduce_runtime_ER/requirements.txt (line 2)) (80.9.0)
Requirement already satisfied: sympy>=1.13.3 in /home/zel9906/env/lib/python3.12/site-packages (from torch>=1.9.0->-r /home/zel9906/Code4_reduce_runtime_ER/requirements.txt (line 2)) (1.14.0)
Requirement already satisfied: networkx>=2.5.1 in /home/zel9906/env/lib/python3.12/site-packages (from torch>=1.9.0->-r /home/zel9906/Code4_reduce_runtime_ER/requirements.txt (line 2)) (3.5)
Requirement already satisfied: jinja2 in /home/zel9906/env/lib/python3.12/site-packages (from torch>=1.9.0->-r /home/zel9906/Code4_reduce_runtime_ER/requirements.txt (line 2)) (3.1.6)
Requirement already satisfied: fsspec>=0.8.5 in /home/zel9906/env/lib/python3.12/site-packages (from torch>=1.9.0->-r /home/zel9906/Code4_reduce_runtime_ER/requirements.txt (line 2)) (2025.9.0)
Requirement already satisfied: nvidia-cuda-nvrtc-cu12==12.8.93 in /home/zel9906/env/lib/python3.12/site-packages (from torch>=1.9.0->-r /home/zel9906/Code4_reduce_runtime_ER/requirements.txt (line 2)) (12.8.93)
Requirement already satisfied: nvidia-cuda-runtime-cu12==12.8.90 in /home/zel9906/env/lib/python3.12/site-packages (from torch>=1.9.0->-r /home/zel9906/Code4_reduce_runtime_ER/requirements.txt (line 2)) (12.8.90)
Requirement already satisfied: nvidia-cuda-cupti-cu12==12.8.90 in /home/zel9906/env/lib/python3.12/site-packages (from torch>=1.9.0->-r /home/zel9906/Code4_reduce_runtime_ER/requirements.txt (line 2)) (12.8.90)
Requirement already satisfied: nvidia-cudnn-cu12==9.10.2.21 in /home/zel9906/env/lib/python3.12/site-packages (from torch>=1.9.0->-r /home/zel9906/Code4_reduce_runtime_ER/requirements.txt (line 2)) (9.10.2.21)
Requirement already satisfied: nvidia-cublas-cu12==12.8.4.1 in /home/zel9906/env/lib/python3.12/site-packages (from torch>=1.9.0->-r /home/zel9906/Code4_reduce_runtime_ER/requirements.txt (line 2)) (12.8.4.1)
Requirement already satisfied: nvidia-cufft-cu12==11.3.3.83 in /home/zel9906/env/lib/python3.12/site-packages (from torch>=1.9.0->-r /home/zel9906/Code4_reduce_runtime_ER/requirements.txt (line 2)) (11.3.3.83)
Requirement already satisfied: nvidia-curand-cu12==10.3.9.90 in /home/zel9906/env/lib/python3.12/site-packages (from torch>=1.9.0->-r /home/zel9906/Code4_reduce_runtime_ER/requirements.txt (line 2)) (10.3.9.90)
Requirement already satisfied: nvidia-cusolver-cu12==11.7.3.90 in /home/zel9906/env/lib/python3.12/site-packages (from torch>=1.9.0->-r /home/zel9906/Code4_reduce_runtime_ER/requirements.txt (line 2)) (11.7.3.90)
Requirement already satisfied: nvidia-cusparse-cu12==12.5.8.93 in /home/zel9906/env/lib/python3.12/site-packages (from torch>=1.9.0->-r /home/zel9906/Code4_reduce_runtime_ER/requirements.txt (line 2)) (12.5.8.93)
Requirement already satisfied: nvidia-cusparselt-cu12==0.7.1 in /home/zel9906/env/lib/python3.12/site-packages (from torch>=1.9.0->-r /home/zel9906/Code4_reduce_runtime_ER/requirements.txt (line 2)) (0.7.1)
Requirement already satisfied: nvidia-nccl-cu12==2.27.5 in /home/zel9906/env/lib/python3.12/site-packages (from torch>=1.9.0->-r /home/zel9906/Code4_reduce_runtime_ER/requirements.txt (line 2)) (2.27.5)
Requirement already satisfied: nvidia-nvshmem-cu12==3.3.20 in /home/zel9906/env/lib/python3.12/site-packages (from torch>=1.9.0->-r /home/zel9906/Code4_reduce_runtime_ER/requirements.txt (line 2)) (3.3.20)
Requirement already satisfied: nvidia-nvtx-cu12==12.8.90 in /home/zel9906/env/lib/python3.12/site-packages (from torch>=1.9.0->-r /home/zel9906/Code4_reduce_runtime_ER/requirements.txt (line 2)) (12.8.90)
Requirement already satisfied: nvidia-nvjitlink-cu12==12.8.93 in /home/zel9906/env/lib/python3.12/site-packages (from torch>=1.9.0->-r /home/zel9906/Code4_reduce_runtime_ER/requirements.txt (line 2)) (12.8.93)
Requirement already satisfied: nvidia-cufile-cu12==1.13.1.3 in /home/zel9906/env/lib/python3.12/site-packages (from torch>=1.9.0->-r /home/zel9906/Code4_reduce_runtime_ER/requirements.txt (line 2)) (1.13.1.3)
Requirement already satisfied: triton==3.5.0 in /home/zel9906/env/lib/python3.12/site-packages (from torch>=1.9.0->-r /home/zel9906/Code4_reduce_runtime_ER/requirements.txt (line 2)) (3.5.0)
Requirement already satisfied: python-dateutil>=2.8.2 in /home/zel9906/env/lib/python3.12/site-packages (from pandas>=1.3.0->-r /home/zel9906/Code4_reduce_runtime_ER/requirements.txt (line 5)) (2.9.0.post0)
Requirement already satisfied: pytz>=2020.1 in /home/zel9906/env/lib/python3.12/site-packages (from pandas>=1.3.0->-r /home/zel9906/Code4_reduce_runtime_ER/requirements.txt (line 5)) (2025.2)
Requirement already satisfied: tzdata>=2022.7 in /home/zel9906/env/lib/python3.12/site-packages (from pandas>=1.3.0->-r /home/zel9906/Code4_reduce_runtime_ER/requirements.txt (line 5)) (2025.2)
Requirement already satisfied: scipy>=1.8.0 in /home/zel9906/env/lib/python3.12/site-packages (from scikit-learn>=1.0.0->-r /home/zel9906/Code4_reduce_runtime_ER/requirements.txt (line 6)) (1.16.3)
Requirement already satisfied: joblib>=1.2.0 in /home/zel9906/env/lib/python3.12/site-packages (from scikit-learn>=1.0.0->-r /home/zel9906/Code4_reduce_runtime_ER/requirements.txt (line 6)) (1.5.2)
Requirement already satisfied: threadpoolctl>=3.1.0 in /home/zel9906/env/lib/python3.12/site-packages (from scikit-learn>=1.0.0->-r /home/zel9906/Code4_reduce_runtime_ER/requirements.txt (line 6)) (3.6.0)
Requirement already satisfied: contourpy>=1.0.1 in /home/zel9906/env/lib/python3.12/site-packages (from matplotlib>=3.5.0->-r /home/zel9906/Code4_reduce_runtime_ER/requirements.txt (line 11)) (1.3.3)
Requirement already satisfied: cycler>=0.10 in /home/zel9906/env/lib/python3.12/site-packages (from matplotlib>=3.5.0->-r /home/zel9906/Code4_reduce_runtime_ER/requirements.txt (line 11)) (0.12.1)
Requirement already satisfied: fonttools>=4.22.0 in /home/zel9906/env/lib/python3.12/site-packages (from matplotlib>=3.5.0->-r /home/zel9906/Code4_reduce_runtime_ER/requirements.txt (line 11)) (4.60.1)
Requirement already satisfied: kiwisolver>=1.3.1 in /home/zel9906/env/lib/python3.12/site-packages (from matplotlib>=3.5.0->-r /home/zel9906/Code4_reduce_runtime_ER/requirements.txt (line 11)) (1.4.9)
Requirement already satisfied: packaging>=20.0 in /home/zel9906/env/lib/python3.12/site-packages (from matplotlib>=3.5.0->-r /home/zel9906/Code4_reduce_runtime_ER/requirements.txt (line 11)) (25.0)
Requirement already satisfied: pyparsing>=3 in /home/zel9906/env/lib/python3.12/site-packages (from matplotlib>=3.5.0->-r /home/zel9906/Code4_reduce_runtime_ER/requirements.txt (line 11)) (3.2.5)
Requirement already satisfied: alembic>=1.5.0 in /home/zel9906/env/lib/python3.12/site-packages (from optuna>=3.0.0->-r /home/zel9906/Code4_reduce_runtime_ER/requirements.txt (line 15)) (1.18.3)
Requirement already satisfied: colorlog in /home/zel9906/env/lib/python3.12/site-packages (from optuna>=3.0.0->-r /home/zel9906/Code4_reduce_runtime_ER/requirements.txt (line 15)) (6.10.1)
Requirement already satisfied: sqlalchemy>=1.4.2 in /home/zel9906/env/lib/python3.12/site-packages (from optuna>=3.0.0->-r /home/zel9906/Code4_reduce_runtime_ER/requirements.txt (line 15)) (2.0.46)
Requirement already satisfied: PyYAML in /home/zel9906/env/lib/python3.12/site-packages (from optuna>=3.0.0->-r /home/zel9906/Code4_reduce_runtime_ER/requirements.txt (line 15)) (6.0.3)
Requirement already satisfied: Mako in /home/zel9906/env/lib/python3.12/site-packages (from alembic>=1.5.0->optuna>=3.0.0->-r /home/zel9906/Code4_reduce_runtime_ER/requirements.txt (line 15)) (1.3.10)
Requirement already satisfied: six>=1.5 in /home/zel9906/env/lib/python3.12/site-packages (from python-dateutil>=2.8.2->pandas>=1.3.0->-r /home/zel9906/Code4_reduce_runtime_ER/requirements.txt (line 5)) (1.17.0)
Requirement already satisfied: greenlet>=1 in /home/zel9906/env/lib/python3.12/site-packages (from sqlalchemy>=1.4.2->optuna>=3.0.0->-r /home/zel9906/Code4_reduce_runtime_ER/requirements.txt (line 15)) (3.3.1)
Requirement already satisfied: mpmath<1.4,>=1.1.0 in /home/zel9906/env/lib/python3.12/site-packages (from sympy>=1.13.3->torch>=1.9.0->-r /home/zel9906/Code4_reduce_runtime_ER/requirements.txt (line 2)) (1.3.0)
Requirement already satisfied: MarkupSafe>=2.0 in /home/zel9906/env/lib/python3.12/site-packages (from jinja2->torch>=1.9.0->-r /home/zel9906/Code4_reduce_runtime_ER/requirements.txt (line 2)) (3.0.3)
Requirement already satisfied: certifi in /home/zel9906/env/lib/python3.12/site-packages (2026.1.4)
Collecting certifi
  Downloading certifi-2026.2.25-py3-none-any.whl.metadata (2.5 kB)
Downloading certifi-2026.2.25-py3-none-any.whl (153 kB)
Installing collected packages: certifi
  Attempting uninstall: certifi
    Found existing installation: certifi 2026.1.4
    Uninstalling certifi-2026.1.4:
      Successfully uninstalled certifi-2026.1.4
Successfully installed certifi-2026.2.25
Random seed set to 42
Using CPU
================================================================================
OPTUNA HYPERPARAMETER OPTIMIZATION FOR MIL
================================================================================
Device: cpu
Number of trials: 10
Epochs per trial: 8
Pruning warmup: 3 epochs
Per slice cap: 500
Max slices per stain: 5
Output directory: ./optuna_results_20260225_194725
============================================================
PREPARING DATA
============================================================
Loaded 118 labels
Found 83630 patch files
All 3808 non-standard file names were handled.
Grouped into 383 slices
Mapped 371 slices to classes
Class distribution: {0: 133, 1: 238}

----------------------------------------
SPLITTING DATA
----------------------------------------
Loading existing splits from: /home/zel9906/Code4_reduce_runtime_ER/data_splits/data_splits_01.npz
Data splits loaded from: /home/zel9906/Code4_reduce_runtime_ER/data_splits/data_splits_01.npz
Loaded splits - Train: 207, Val: 60
Example case: 86
Stains: dict_keys(['melan', 'h&e', 'sox10'])
Num slices in stain: 2
Example slice length: 199
Cases per split: 50 17 0
Paths per split: 44610 12985 0
No leakage between train & val (cases).
No leakage between train & test (cases).
No leakage between val & test (cases).
No leakage between train & val (paths).
No leakage between train & test (paths).
No leakage between val & test (paths).

============================================================
CREATING DATA LOADERS
============================================================
Train batches: 50
Val batches: 17

============================================================
CREATING OPTUNA STUDY
============================================================

============================================================
STARTING OPTIMIZATION
============================================================

============================================================
Trial 0
============================================================
Parameters:
  Learning rate: 1.83e-04
  Weight decay: 4.46e-04
  Dropout: 0.420
  Class weight (benign): 2.70
  Scheduler patience: 2
  Scheduler factor: 0.25
  Use scheduler: True
  Scheduler min lr: 1.00e-06
  Epoch 5/8 - Train Loss: 0.0937, Val Loss: 0.5597, Val Acc: 0.8235
Trial 0 completed - Best Val Loss: 0.4892, Best Val Acc: 0.7647
[I 2026-02-25 21:30:46,685] Trial 0 finished with value: 0.4891718942586415 and parameters: {'learning_rate': 0.00018272261776066238, 'weight_decay': 0.0004463590152176814, 'dropout': 0.4195981825434215, 'class_weight_benign': 2.697316968394073, 'scheduler_patience': 2, 'scheduler_factor': 0.24679835610086082}. Best is trial 0 with value: 0.4891718942586415.

============================================================
Trial 1
============================================================
Parameters:
  Learning rate: 1.10e-04
  Weight decay: 3.67e-04
  Dropout: 0.380
  Class weight (benign): 2.92
  Scheduler patience: 2
  Scheduler factor: 0.49
  Use scheduler: True
  Scheduler min lr: 1.00e-06
  Epoch 5/8 - Train Loss: 0.0993, Val Loss: 0.5377, Val Acc: 0.7647
Trial 1 completed - Best Val Loss: 0.4028, Best Val Acc: 0.8235
[I 2026-02-25 23:03:02,723] Trial 1 finished with value: 0.40275547764373615 and parameters: {'learning_rate': 0.00010979908036596662, 'weight_decay': 0.00036740592026352257, 'dropout': 0.3803345035229626, 'class_weight_benign': 2.916145155592091, 'scheduler_patience': 2, 'scheduler_factor': 0.4909729556485983}. Best is trial 1 with value: 0.40275547764373615.

============================================================
Trial 2
============================================================
Parameters:
  Learning rate: 3.82e-04
  Weight decay: 8.15e-05
  Dropout: 0.255
  Class weight (benign): 1.87
  Scheduler patience: 3
  Scheduler factor: 0.36
  Use scheduler: True
  Scheduler min lr: 1.00e-06
  Epoch 5/8 - Train Loss: 0.1597, Val Loss: 0.7837, Val Acc: 0.7647
Trial 2 completed - Best Val Loss: 0.3592, Best Val Acc: 0.8235
[I 2026-02-26 00:24:50,725] Trial 2 finished with value: 0.35920022165074067 and parameters: {'learning_rate': 0.0003818145165896873, 'weight_decay': 8.152843673110742e-05, 'dropout': 0.2545474901621302, 'class_weight_benign': 1.8668090197068676, 'scheduler_patience': 3, 'scheduler_factor': 0.35742692948967136}. Best is trial 2 with value: 0.35920022165074067.

============================================================
Trial 3
============================================================
Parameters:
  Learning rate: 2.00e-04
  Weight decay: 9.78e-05
  Dropout: 0.384
  Class weight (benign): 1.78
  Scheduler patience: 3
  Scheduler factor: 0.31
  Use scheduler: True
  Scheduler min lr: 1.00e-06
  Epoch 5/8 - Train Loss: 0.1436, Val Loss: 0.5583, Val Acc: 0.8235
Trial 3 completed - Best Val Loss: 0.4486, Best Val Acc: 0.8235
[I 2026-02-26 01:57:14,589] Trial 3 finished with value: 0.4485787878614193 and parameters: {'learning_rate': 0.0002004087187654155, 'weight_decay': 9.776854331372622e-05, 'dropout': 0.38355586841671385, 'class_weight_benign': 1.7789877213040837, 'scheduler_patience': 3, 'scheduler_factor': 0.3099085529881075}. Best is trial 2 with value: 0.35920022165074067.

============================================================
Trial 4
============================================================
Parameters:
  Learning rate: 2.08e-04
  Weight decay: 3.05e-04
  Dropout: 0.260
  Class weight (benign): 2.53
  Scheduler patience: 4
  Scheduler factor: 0.21
  Use scheduler: True
  Scheduler min lr: 1.00e-06
Trial 4 pruned
[I 2026-02-26 02:51:38,942] Trial 4 pruned. 

============================================================
Trial 5
============================================================
Parameters:
  Learning rate: 2.66e-04
  Weight decay: 7.40e-05
  Dropout: 0.220
  Class weight (benign): 3.40
  Scheduler patience: 5
  Scheduler factor: 0.44
  Use scheduler: True
  Scheduler min lr: 1.00e-06
  Epoch 5/8 - Train Loss: 0.0167, Val Loss: 0.3744, Val Acc: 0.9412
Trial 5 completed - Best Val Loss: 0.3151, Best Val Acc: 0.8824
[I 2026-02-26 04:27:52,882] Trial 5 finished with value: 0.3150869778049074 and parameters: {'learning_rate': 0.0002658616083788976, 'weight_decay': 7.404472559987598e-05, 'dropout': 0.21951547789558387, 'class_weight_benign': 3.3977710745066663, 'scheduler_patience': 5, 'scheduler_factor': 0.4425192044349383}. Best is trial 5 with value: 0.3150869778049074.

============================================================
Trial 6
============================================================
Parameters:
  Learning rate: 1.63e-04
  Weight decay: 6.26e-05
  Dropout: 0.405
  Class weight (benign): 2.38
  Scheduler patience: 2
  Scheduler factor: 0.35
  Use scheduler: True
  Scheduler min lr: 1.00e-06
  Epoch 5/8 - Train Loss: 0.0457, Val Loss: 0.4493, Val Acc: 0.8235
Trial 6 completed - Best Val Loss: 0.3920, Best Val Acc: 0.8235
[I 2026-02-26 05:53:03,081] Trial 6 finished with value: 0.39197519797867514 and parameters: {'learning_rate': 0.00016327356954687938, 'weight_decay': 6.260977143530197e-05, 'dropout': 0.40526990795364704, 'class_weight_benign': 2.3803049874792026, 'scheduler_patience': 2, 'scheduler_factor': 0.34855307303338107}. Best is trial 5 with value: 0.3150869778049074.

============================================================
Trial 7
============================================================
Parameters:
  Learning rate: 1.06e-04
  Weight decay: 4.06e-04
  Dropout: 0.278
  Class weight (benign): 2.83
  Scheduler patience: 3
  Scheduler factor: 0.36
  Use scheduler: True
  Scheduler min lr: 1.00e-06
  Epoch 5/8 - Train Loss: 0.0746, Val Loss: 0.4286, Val Acc: 0.7647
Trial 7 completed - Best Val Loss: 0.3707, Best Val Acc: 0.7647
[I 2026-02-26 07:16:38,144] Trial 7 finished with value: 0.3707171804614036 and parameters: {'learning_rate': 0.00010569064414047033, 'weight_decay': 0.0004057797837985251, 'dropout': 0.2776339944800051, 'class_weight_benign': 2.825044568707964, 'scheduler_patience': 3, 'scheduler_factor': 0.35602040635334326}. Best is trial 5 with value: 0.3150869778049074.

============================================================
Trial 8
============================================================
Parameters:
  Learning rate: 2.41e-04
  Weight decay: 7.65e-05
  Dropout: 0.491
  Class weight (benign): 3.05
  Scheduler patience: 5
  Scheduler factor: 0.47
  Use scheduler: True
  Scheduler min lr: 1.00e-06
Trial 8 pruned
[I 2026-02-26 08:00:21,008] Trial 8 pruned. 

============================================================
Trial 9
============================================================
Parameters:
  Learning rate: 2.62e-04
  Weight decay: 4.18e-04
  Dropout: 0.227
  Class weight (benign): 1.89
  Scheduler patience: 2
  Scheduler factor: 0.30
  Use scheduler: True
  Scheduler min lr: 1.00e-06
  Epoch 5/8 - Train Loss: 0.0867, Val Loss: 0.4802, Val Acc: 0.8235
Trial 9 completed - Best Val Loss: 0.4222, Best Val Acc: 0.8235
