[I 2026-02-26 09:33:22,144] Trial 9 finished with value: 0.42222181305495565 and parameters: {'learning_rate': 0.00026176655097040057, 'weight_decay': 0.0004176805377655882, 'dropout': 0.22654775061557586, 'class_weight_benign': 1.8919657248382904, 'scheduler_patience': 2, 'scheduler_factor': 0.2975990992289793}. Best is trial 5 with value: 0.3150869778049074.

============================================================
SAVING RESULTS
============================================================

Best hyperparameters saved to: ./optuna_results_20260225_194725/best_hyperparameters.json
All trials saved to: ./optuna_results_20260225_194725/all_trials.csv

Generating visualizations...
  - Optimization history saved
  - Parameter importances saved
  - Parallel coordinate plot saved
  - Slice plot saved
  - Contour plot saved

============================================================
OPTIMIZATION SUMMARY
============================================================
Number of trials: 10
Number of pruned trials: 2
Number of complete trials: 8

Best trial: 5
Best validation loss: 0.3151
Best validation accuracy: 0.8824

Best hyperparameters:
  learning_rate: 2.66e-04
  weight_decay: 7.40e-05
  dropout: 0.2195
  class_weight_benign: 3.3978
  scheduler_patience: 5
  scheduler_factor: 0.4425

================================================================================
OPTIMIZATION COMPLETED SUCCESSFULLY
================================================================================
Results saved to: ./optuna_results_20260225_194725
View visualizations by opening the HTML files in: ./optuna_results_20260225_194725
