[I 2026-02-15 11:15:35,419] Trial 9 finished with value: 0.5563450506066575 and parameters: {'learning_rate': 0.00026176655097040057, 'weight_decay': 0.0004176805377655882, 'dropout': 0.22654775061557586, 'class_weight_benign': 1.8919657248382904, 'scheduler_patience': 2, 'scheduler_factor': 0.2975990992289793}. Best is trial 9 with value: 0.5563450506066575.

============================================================
SAVING RESULTS
============================================================

Best hyperparameters saved to: ./optuna_results/best_hyperparameters.json
All trials saved to: ./optuna_results/all_trials.csv

Generating visualizations...
  - Optimization history saved
  - Parameter importances saved
  - Parallel coordinate plot saved
  - Slice plot saved
  - Contour plot saved

============================================================
OPTIMIZATION SUMMARY
============================================================
Number of trials: 10
Number of pruned trials: 0
Number of complete trials: 10

Best trial: 9
Best validation loss: 0.5563
Best validation accuracy: 0.7059

Best hyperparameters:
  learning_rate: 2.62e-04
  weight_decay: 4.18e-04
  dropout: 0.2265
  class_weight_benign: 1.8920
  scheduler_patience: 2
  scheduler_factor: 0.2976

================================================================================
OPTIMIZATION COMPLETED SUCCESSFULLY
================================================================================
Results saved to: ./optuna_results
View visualizations by opening the HTML files in: ./optuna_results
